*** Starting uWSGI 2.0.17.1 (32bit) on [Tue Jan 22 11:22:33 2019] ***
compiled with version: 4.4.7 20120313 (Red Hat 4.4.7-23) on 07 January 2019 01:44:56
os: Linux-4.4.161-1.el6.elrepo.i686 #1 SMP Sat Oct 13 10:01:42 EDT 2018
nodename: i-6C14A0A8
machine: i686
clock source: unix
pcre jit disabled
detected number of CPU cores: 4
current working directory: /home/pythonsrc/hello
writing pidfile to /home/pythonsrc/hello//uwsgi/uwsgi.pid
detected binary path: /usr/python3.6/bin/uwsgi
uWSGI running as root, you can use --uid/--gid/--chroot options
*** WARNING: you are running uWSGI as root !!! (use the --uid flag) *** 
chdir() to /home/pythonsrc/hello/
your processes number limit is 64685
your memory page size is 4096 bytes
detected max file descriptor number: 1024
lock engine: pthread robust mutexes
thunder lock: disabled (you can enable it with --thunder-lock)
uWSGI http bound on :8090 fd 4
uwsgi socket 0 bound to TCP address 127.0.0.1:44379 (port auto-assigned) fd 3
uWSGI running as root, you can use --uid/--gid/--chroot options
*** WARNING: you are running uWSGI as root !!! (use the --uid flag) *** 
Python version: 3.6.8 (default, Jan  4 2019, 13:14:49)  [GCC 7.2.0]
Python main interpreter initialized at 0x8786a98
uWSGI running as root, you can use --uid/--gid/--chroot options
*** WARNING: you are running uWSGI as root !!! (use the --uid flag) *** 
python threads support enabled
your server socket listen backlog is limited to 100 connections
your mercy for graceful operations on workers is 60 seconds
mapped 358400 bytes (350 KB) for 8 cores
*** Operational MODE: preforking+threaded ***
WSGI app 0 (mountpoint='') ready in 0 seconds on interpreter 0x8786a98 pid: 28286 (default app)
uWSGI running as root, you can use --uid/--gid/--chroot options
*** WARNING: you are running uWSGI as root !!! (use the --uid flag) *** 
*** uWSGI is running in multiple interpreter mode ***
spawned uWSGI master process (pid: 28286)
spawned uWSGI worker 1 (pid: 28312, cores: 2)
spawned uWSGI worker 2 (pid: 28313, cores: 2)
spawned uWSGI worker 3 (pid: 28314, cores: 2)
spawned uWSGI worker 4 (pid: 28316, cores: 2)
*** Stats server enabled on /home/pythonsrc/hello//uwsgi/uwsgi.status fd: 20 ***
spawned uWSGI http 1 (pid: 28318)
[pid: 28312|app: 0|req: 1/1] 117.91.230.48 () {38 vars in 758 bytes} [Tue Jan 22 11:22:42 2019] GET / => generated 6532 bytes in 67 msecs (HTTP/1.1 200) 5 headers in 292 bytes (1 switches on core 0)
Not Found: /favicon.ico
[pid: 28314|app: 0|req: 1/2] 117.91.230.48 () {38 vars in 742 bytes} [Tue Jan 22 11:22:42 2019] GET /favicon.ico => generated 2603 bytes in 14 msecs (HTTP/1.1 404) 3 headers in 102 bytes (1 switches on core 0)
[pid: 28313|app: 0|req: 1/3] 117.91.230.48 () {40 vars in 813 bytes} [Tue Jan 22 11:22:44 2019] GET /admin/ => generated 7029 bytes in 120 msecs (HTTP/1.1 200) 6 headers in 227 bytes (1 switches on core 0)
SIGINT/SIGQUIT received...killing workers...
gateway "uWSGI http 1" has been buried (pid: 28318)
worker 1 buried after 1 seconds
worker 2 buried after 1 seconds
worker 3 buried after 1 seconds
worker 4 buried after 1 seconds
goodbye to uWSGI.
*** Starting uWSGI 2.0.17.1 (32bit) on [Tue Jan 22 11:34:11 2019] ***
compiled with version: 4.4.7 20120313 (Red Hat 4.4.7-23) on 07 January 2019 01:44:56
os: Linux-4.4.161-1.el6.elrepo.i686 #1 SMP Sat Oct 13 10:01:42 EDT 2018
nodename: i-6C14A0A8
machine: i686
clock source: unix
pcre jit disabled
detected number of CPU cores: 4
current working directory: /home/pythonsrc/hello/uwsgi
writing pidfile to /home/pythonsrc/hello//uwsgi/uwsgi.pid
detected binary path: /usr/python3.6/bin/uwsgi
uWSGI running as root, you can use --uid/--gid/--chroot options
*** WARNING: you are running uWSGI as root !!! (use the --uid flag) *** 
chdir() to /home/pythonsrc/hello/
your processes number limit is 64685
your memory page size is 4096 bytes
detected max file descriptor number: 1024
lock engine: pthread robust mutexes
thunder lock: disabled (you can enable it with --thunder-lock)
uWSGI http bound on :8090 fd 4
uwsgi socket 0 bound to TCP address 127.0.0.1:33300 (port auto-assigned) fd 3
uWSGI running as root, you can use --uid/--gid/--chroot options
*** WARNING: you are running uWSGI as root !!! (use the --uid flag) *** 
Python version: 3.6.8 (default, Jan  4 2019, 13:14:49)  [GCC 7.2.0]
Python main interpreter initialized at 0x97eaa90
uWSGI running as root, you can use --uid/--gid/--chroot options
*** WARNING: you are running uWSGI as root !!! (use the --uid flag) *** 
python threads support enabled
your server socket listen backlog is limited to 100 connections
your mercy for graceful operations on workers is 60 seconds
mapped 358400 bytes (350 KB) for 8 cores
*** Operational MODE: preforking+threaded ***
WSGI app 0 (mountpoint='') ready in 0 seconds on interpreter 0x97eaa90 pid: 15448 (default app)
uWSGI running as root, you can use --uid/--gid/--chroot options
*** WARNING: you are running uWSGI as root !!! (use the --uid flag) *** 
*** uWSGI is running in multiple interpreter mode ***
spawned uWSGI master process (pid: 15448)
spawned uWSGI worker 1 (pid: 15494, cores: 2)
spawned uWSGI worker 2 (pid: 15495, cores: 2)
spawned uWSGI worker 3 (pid: 15496, cores: 2)
spawned uWSGI worker 4 (pid: 15498, cores: 2)
spawned uWSGI http 1 (pid: 15500)
[pid: 15495|app: 0|req: 1/1] 117.91.230.48 () {38 vars in 758 bytes} [Tue Jan 22 11:34:17 2019] GET / => generated 6532 bytes in 72 msecs (HTTP/1.1 200) 5 headers in 292 bytes (1 switches on core 0)
[pid: 15498|app: 0|req: 1/2] 117.91.230.48 () {40 vars in 813 bytes} [Tue Jan 22 11:34:18 2019] GET /admin/ => generated 7029 bytes in 69 msecs (HTTP/1.1 200) 6 headers in 227 bytes (1 switches on core 0)
gateway "uWSGI http 1" has been buried (pid: 15500)
...gracefully killing workers...
Gracefully killing worker 1 (pid: 15494)...
Gracefully killing worker 4 (pid: 15498)...
Gracefully killing worker 3 (pid: 15496)...
Gracefully killing worker 2 (pid: 15495)...
worker 1 buried after 1 seconds
worker 2 buried after 1 seconds
worker 3 buried after 1 seconds
worker 4 buried after 1 seconds
binary reloading uWSGI...
chdir() to /home/pythonsrc/hello/uwsgi
closing all non-uwsgi socket fds > 2 (max_fd = 1024)...
found fd 3 mapped to socket 0 (127.0.0.1:33300)
running /usr/python3.6/bin/uwsgi
[uWSGI] getting INI configuration from uwsgi.ini
*** Starting uWSGI 2.0.17.1 (32bit) on [Tue Jan 22 11:35:59 2019] ***
compiled with version: 4.4.7 20120313 (Red Hat 4.4.7-23) on 07 January 2019 01:44:56
os: Linux-4.4.161-1.el6.elrepo.i686 #1 SMP Sat Oct 13 10:01:42 EDT 2018
nodename: i-6C14A0A8
machine: i686
clock source: unix
pcre jit disabled
detected number of CPU cores: 4
current working directory: /home/pythonsrc/hello/uwsgi
detected binary path: /usr/python3.6/bin/uwsgi
uWSGI running as root, you can use --uid/--gid/--chroot options
*** WARNING: you are running uWSGI as root !!! (use the --uid flag) *** 
chdir() to /home/pythonsrc/hello/
your processes number limit is 64685
your memory page size is 4096 bytes
detected max file descriptor number: 1024
lock engine: pthread robust mutexes
thunder lock: disabled (you can enable it with --thunder-lock)
uWSGI http bound on :8090 fd 5
uwsgi socket 0 bound to TCP address 127.0.0.1:42608 (port auto-assigned) fd 4
uWSGI running as root, you can use --uid/--gid/--chroot options
*** WARNING: you are running uWSGI as root !!! (use the --uid flag) *** 
Python version: 3.6.8 (default, Jan  4 2019, 13:14:49)  [GCC 7.2.0]
Python main interpreter initialized at 0x8c2ba88
uWSGI running as root, you can use --uid/--gid/--chroot options
*** WARNING: you are running uWSGI as root !!! (use the --uid flag) *** 
python threads support enabled
your server socket listen backlog is limited to 100 connections
your mercy for graceful operations on workers is 60 seconds
mapped 358400 bytes (350 KB) for 8 cores
*** Operational MODE: preforking+threaded ***
WSGI app 0 (mountpoint='') ready in 0 seconds on interpreter 0x8c2ba88 pid: 15448 (default app)
uWSGI running as root, you can use --uid/--gid/--chroot options
*** WARNING: you are running uWSGI as root !!! (use the --uid flag) *** 
*** uWSGI is running in multiple interpreter mode ***
gracefully (RE)spawned uWSGI master process (pid: 15448)
spawned uWSGI worker 1 (pid: 18537, cores: 2)
spawned uWSGI worker 2 (pid: 18538, cores: 2)
spawned uWSGI worker 3 (pid: 18540, cores: 2)
spawned uWSGI worker 4 (pid: 18541, cores: 2)
*** Stats server enabled on /home/pythonsrc/hello//uwsgi/uwsgi.status fd: 20 ***
spawned uWSGI http 1 (pid: 18544)
[pid: 18537|app: 0|req: 1/1] 117.91.230.48 () {42 vars in 844 bytes} [Tue Jan 22 11:36:01 2019] GET /admin/ => generated 7029 bytes in 74 msecs (HTTP/1.1 200) 6 headers in 227 bytes (1 switches on core 0)
[pid: 18538|app: 0|req: 1/2] 117.91.230.48 () {42 vars in 844 bytes} [Tue Jan 22 11:36:02 2019] GET /admin/ => generated 7029 bytes in 73 msecs (HTTP/1.1 200) 6 headers in 227 bytes (1 switches on core 0)
SIGINT/SIGQUIT received...killing workers...
gateway "uWSGI http 1" has been buried (pid: 18544)
worker 1 buried after 1 seconds
worker 2 buried after 1 seconds
worker 3 buried after 1 seconds
worker 4 buried after 1 seconds
goodbye to uWSGI.
*** Starting uWSGI 2.0.17.1 (32bit) on [Tue Jan 22 11:37:21 2019] ***
compiled with version: 4.4.7 20120313 (Red Hat 4.4.7-23) on 07 January 2019 01:44:56
os: Linux-4.4.161-1.el6.elrepo.i686 #1 SMP Sat Oct 13 10:01:42 EDT 2018
nodename: i-6C14A0A8
machine: i686
clock source: unix
pcre jit disabled
detected number of CPU cores: 4
current working directory: /home/pythonsrc/hello/uwsgi
writing pidfile to /home/pythonsrc/hello//uwsgi/uwsgi.pid
detected binary path: /usr/python3.6/bin/uwsgi
uWSGI running as root, you can use --uid/--gid/--chroot options
*** WARNING: you are running uWSGI as root !!! (use the --uid flag) *** 
chdir() to /home/pythonsrc/hello/
your processes number limit is 64685
your memory page size is 4096 bytes
detected max file descriptor number: 1024
lock engine: pthread robust mutexes
thunder lock: disabled (you can enable it with --thunder-lock)
uWSGI http bound on :8090 fd 4
uwsgi socket 0 bound to TCP address 127.0.0.1:41307 (port auto-assigned) fd 3
uWSGI running as root, you can use --uid/--gid/--chroot options
*** WARNING: you are running uWSGI as root !!! (use the --uid flag) *** 
Python version: 3.6.8 (default, Jan  4 2019, 13:14:49)  [GCC 7.2.0]
Python main interpreter initialized at 0x86e6a20
uWSGI running as root, you can use --uid/--gid/--chroot options
*** WARNING: you are running uWSGI as root !!! (use the --uid flag) *** 
python threads support enabled
your server socket listen backlog is limited to 100 connections
your mercy for graceful operations on workers is 60 seconds
mapped 358400 bytes (350 KB) for 8 cores
*** Operational MODE: preforking+threaded ***
WSGI app 0 (mountpoint='') ready in 0 seconds on interpreter 0x86e6a20 pid: 20853 (default app)
uWSGI running as root, you can use --uid/--gid/--chroot options
*** WARNING: you are running uWSGI as root !!! (use the --uid flag) *** 
*** uWSGI is running in multiple interpreter mode ***
spawned uWSGI master process (pid: 20853)
spawned uWSGI worker 1 (pid: 20855, cores: 2)
spawned uWSGI worker 2 (pid: 20856, cores: 2)
spawned uWSGI worker 3 (pid: 20857, cores: 2)
spawned uWSGI worker 4 (pid: 20859, cores: 2)
spawned uWSGI http 1 (pid: 20860)
[pid: 20856|app: 0|req: 1/1] 117.91.230.48 () {42 vars in 844 bytes} [Tue Jan 22 11:37:26 2019] GET /admin/ => generated 7029 bytes in 76 msecs (HTTP/1.1 200) 6 headers in 227 bytes (1 switches on core 0)
[pid: 20856|app: 0|req: 2/2] 117.91.230.48 () {40 vars in 851 bytes} [Tue Jan 22 11:37:27 2019] GET /admin/store/operation/ => generated 4810 bytes in 50 msecs (HTTP/1.1 200) 7 headers in 395 bytes (1 switches on core 1)
[pid: 20856|app: 0|req: 3/3] 117.91.230.48 () {38 vars in 785 bytes} [Tue Jan 22 11:37:27 2019] GET /static/admin/css/changelists.css => generated 6170 bytes in 4 msecs via sendfile() (HTTP/1.1 200) 4 headers in 140 bytes (0 switches on core 0)
[pid: 20856|app: 0|req: 5/4] 117.91.230.48 () {38 vars in 766 bytes} [Tue Jan 22 11:37:27 2019] GET /static/admin/js/jquery.init.js => generated 363 bytes in 2 msecs via sendfile() (HTTP/1.1 200) 4 headers in 146 bytes (0 switches on core 0)
[pid: 20856|app: 0|req: 6/5] 117.91.230.48 () {38 vars in 752 bytes} [Tue Jan 22 11:37:27 2019] GET /static/admin/js/core.js => generated 7134 bytes in 2 msecs via sendfile() (HTTP/1.1 200) 4 headers in 147 bytes (0 switches on core 0)
[pid: 20856|app: 0|req: 6/6] 117.91.230.48 () {38 vars in 732 bytes} [Tue Jan 22 11:37:27 2019] GET /admin/jsi18n/ => generated 7684 bytes in 8 msecs (HTTP/1.1 200) 4 headers in 132 bytes (1 switches on core 1)
[pid: 20855|app: 0|req: 2/7] 117.91.230.48 () {38 vars in 796 bytes} [Tue Jan 22 11:37:27 2019] GET /static/admin/js/admin/RelatedObjectLookups.js => generated 6918 bytes in 17 msecs via sendfile() (HTTP/1.1 200) 4 headers in 147 bytes (0 switches on core 1)
[pid: 20855|app: 0|req: 2/8] 117.91.230.48 () {38 vars in 784 bytes} [Tue Jan 22 11:37:27 2019] GET /static/admin/js/vendor/jquery/jquery.js => generated 271751 bytes in 20 msecs via sendfile() (HTTP/1.1 200) 4 headers in 149 bytes (0 switches on core 0)
[pid: 20856|app: 0|req: 7/9] 117.91.230.48 () {38 vars in 758 bytes} [Tue Jan 22 11:37:27 2019] GET /static/admin/js/actions.js => generated 6538 bytes in 1 msecs via sendfile() (HTTP/1.1 200) 4 headers in 147 bytes (0 switches on core 0)
[pid: 20857|app: 0|req: 2/10] 117.91.230.48 () {38 vars in 766 bytes} [Tue Jan 22 11:37:27 2019] GET /static/admin/js/prepopulate.js => generated 1530 bytes in 11 msecs via sendfile() (HTTP/1.1 200) 4 headers in 147 bytes (0 switches on core 1)
[pid: 20857|app: 0|req: 2/11] 117.91.230.48 () {38 vars in 756 bytes} [Tue Jan 22 11:37:27 2019] GET /static/admin/js/urlify.js => generated 8972 bytes in 15 msecs via sendfile() (HTTP/1.1 200) 4 headers in 147 bytes (0 switches on core 0)
[pid: 20859|app: 0|req: 1/12] 117.91.230.48 () {38 vars in 788 bytes} [Tue Jan 22 11:37:27 2019] GET /static/admin/js/vendor/xregexp/xregexp.js => generated 128820 bytes in 14 msecs via sendfile() (HTTP/1.1 200) 4 headers in 149 bytes (0 switches on core 0)
[pid: 20859|app: 0|req: 2/13] 117.91.230.48 () {38 vars in 809 bytes} [Tue Jan 22 11:37:28 2019] GET /static/admin/img/tooltag-add.svg => generated 331 bytes in 1 msecs via sendfile() (HTTP/1.1 200) 4 headers in 144 bytes (0 switches on core 1)
[pid: 20857|app: 0|req: 3/14] 117.91.230.48 () {40 vars in 835 bytes} [Tue Jan 22 11:37:30 2019] GET /admin/ => generated 7029 bytes in 62 msecs (HTTP/1.1 200) 6 headers in 227 bytes (1 switches on core 1)
[pid: 20856|app: 0|req: 8/15] 117.91.230.48 () {40 vars in 841 bytes} [Tue Jan 22 11:37:31 2019] GET /admin/store/item/ => generated 11110 bytes in 75 msecs (HTTP/1.1 200) 7 headers in 396 bytes (1 switches on core 1)
[pid: 20859|app: 0|req: 3/16] 117.91.230.48 () {38 vars in 727 bytes} [Tue Jan 22 11:37:31 2019] GET /admin/jsi18n/ => generated 7684 bytes in 11 msecs (HTTP/1.1 200) 4 headers in 132 bytes (1 switches on core 0)
[pid: 20859|app: 0|req: 4/17] 117.91.230.48 () {40 vars in 830 bytes} [Tue Jan 22 11:37:32 2019] GET /admin/ => generated 7029 bytes in 63 msecs (HTTP/1.1 200) 6 headers in 227 bytes (1 switches on core 1)
[pid: 20855|app: 0|req: 3/18] 117.91.230.48 () {40 vars in 782 bytes} [Tue Jan 22 11:44:47 2019] GET / => generated 6532 bytes in 57 msecs (HTTP/1.1 200) 5 headers in 292 bytes (1 switches on core 1)
[pid: 20855|app: 0|req: 4/19] 117.91.230.48 () {38 vars in 649 bytes} [Tue Jan 22 11:49:55 2019] GET / => generated 6533 bytes in 24 msecs (HTTP/1.1 200) 5 headers in 292 bytes (1 switches on core 0)
[pid: 20857|app: 0|req: 4/20] 117.91.230.48 () {38 vars in 714 bytes} [Tue Jan 22 11:49:56 2019] GET / => generated 6533 bytes in 24 msecs (HTTP/1.1 200) 5 headers in 292 bytes (1 switches on core 0)
[pid: 20857|app: 0|req: 5/21] 117.91.230.48 () {40 vars in 737 bytes} [Tue Jan 22 11:56:40 2019] GET / => generated 6533 bytes in 34 msecs (HTTP/1.1 200) 5 headers in 292 bytes (1 switches on core 1)
[pid: 20857|app: 0|req: 6/22] 117.91.230.48 () {40 vars in 737 bytes} [Tue Jan 22 11:56:58 2019] GET / => generated 6533 bytes in 24 msecs (HTTP/1.1 200) 5 headers in 292 bytes (1 switches on core 0)
[pid: 20855|app: 0|req: 5/23] 117.91.230.48 () {38 vars in 648 bytes} [Tue Jan 22 11:57:45 2019] GET / => generated 6533 bytes in 23 msecs (HTTP/1.1 200) 5 headers in 292 bytes (1 switches on core 1)
[pid: 20859|app: 0|req: 5/24] 117.91.230.48 () {38 vars in 714 bytes} [Tue Jan 22 11:57:46 2019] GET / => generated 6533 bytes in 25 msecs (HTTP/1.1 200) 5 headers in 292 bytes (1 switches on core 0)
[pid: 20859|app: 0|req: 6/25] 117.91.230.48 () {40 vars in 782 bytes} [Tue Jan 22 12:55:23 2019] GET / => generated 6532 bytes in 39 msecs (HTTP/1.1 200) 5 headers in 292 bytes (1 switches on core 1)
SIGINT/SIGQUIT received...killing workers...
gateway "uWSGI http 1" has been buried (pid: 20860)
worker 1 buried after 1 seconds
worker 2 buried after 1 seconds
worker 3 buried after 1 seconds
worker 4 buried after 1 seconds
goodbye to uWSGI.
*** Starting uWSGI 2.0.17.1 (32bit) on [Tue Jan 22 12:58:58 2019] ***
compiled with version: 4.4.7 20120313 (Red Hat 4.4.7-23) on 07 January 2019 01:44:56
os: Linux-4.4.161-1.el6.elrepo.i686 #1 SMP Sat Oct 13 10:01:42 EDT 2018
nodename: i-6C14A0A8
machine: i686
clock source: unix
pcre jit disabled
detected number of CPU cores: 4
current working directory: /home/pythonsrc/hello/uwsgi
writing pidfile to /home/pythonsrc/hello//uwsgi/uwsgi.pid
detected binary path: /usr/python3.6/bin/uwsgi
uWSGI running as root, you can use --uid/--gid/--chroot options
*** WARNING: you are running uWSGI as root !!! (use the --uid flag) *** 
chdir() to /home/pythonsrc/hello/
your processes number limit is 64685
your memory page size is 4096 bytes
detected max file descriptor number: 1024
lock engine: pthread robust mutexes
thunder lock: disabled (you can enable it with --thunder-lock)
uwsgi socket 0 bound to TCP address 127.0.0.1:8088 fd 3
uWSGI running as root, you can use --uid/--gid/--chroot options
*** WARNING: you are running uWSGI as root !!! (use the --uid flag) *** 
Python version: 3.6.8 (default, Jan  4 2019, 13:14:49)  [GCC 7.2.0]
Python main interpreter initialized at 0xa3249d8
uWSGI running as root, you can use --uid/--gid/--chroot options
*** WARNING: you are running uWSGI as root !!! (use the --uid flag) *** 
python threads support enabled
your server socket listen backlog is limited to 100 connections
your mercy for graceful operations on workers is 60 seconds
mapped 358400 bytes (350 KB) for 8 cores
*** Operational MODE: preforking+threaded ***
WSGI app 0 (mountpoint='') ready in 0 seconds on interpreter 0xa3249d8 pid: 28615 (default app)
uWSGI running as root, you can use --uid/--gid/--chroot options
*** WARNING: you are running uWSGI as root !!! (use the --uid flag) *** 
*** uWSGI is running in multiple interpreter mode ***
spawned uWSGI master process (pid: 28615)
spawned uWSGI worker 1 (pid: 28641, cores: 2)
spawned uWSGI worker 2 (pid: 28642, cores: 2)
spawned uWSGI worker 3 (pid: 28643, cores: 2)
spawned uWSGI worker 4 (pid: 28645, cores: 2)
[pid: 28642|app: 0|req: 1/1] 117.91.230.48 () {44 vars in 827 bytes} [Tue Jan 22 12:59:11 2019] GET / => generated 6532 bytes in 72 msecs (HTTP/1.1 200) 5 headers in 292 bytes (1 switches on core 0)
Not Found: /favicon.ico
[pid: 28642|app: 0|req: 2/2] 117.91.230.48 () {42 vars in 782 bytes} [Tue Jan 22 12:59:12 2019] GET /favicon.ico => generated 2598 bytes in 4 msecs (HTTP/1.1 404) 3 headers in 102 bytes (1 switches on core 1)
[pid: 28641|app: 0|req: 1/3] 117.91.230.48 () {44 vars in 853 bytes} [Tue Jan 22 12:59:14 2019] GET /admin/ => generated 7029 bytes in 89 msecs (HTTP/1.1 200) 6 headers in 227 bytes (1 switches on core 0)
[pid: 28641|app: 0|req: 2/4] 117.91.230.48 () {42 vars in 803 bytes} [Tue Jan 22 12:59:21 2019] GET / => generated 6532 bytes in 26 msecs (HTTP/1.1 200) 5 headers in 292 bytes (1 switches on core 1)
[pid: 28645|app: 0|req: 1/5] 117.91.230.48 () {44 vars in 853 bytes} [Tue Jan 22 12:59:23 2019] GET /admin/ => generated 7029 bytes in 70 msecs (HTTP/1.1 200) 6 headers in 227 bytes (1 switches on core 0)
[pid: 28643|app: 0|req: 1/6] 49.94.162.198 () {42 vars in 784 bytes} [Tue Jan 22 13:02:23 2019] GET / => generated 6533 bytes in 63 msecs (HTTP/1.1 200) 5 headers in 292 bytes (1 switches on core 0)
[pid: 28645|app: 0|req: 2/7] 49.94.162.198 () {44 vars in 847 bytes} [Tue Jan 22 13:02:29 2019] GET /login/?from=/ => generated 3932 bytes in 8 msecs (HTTP/1.1 200) 5 headers in 292 bytes (1 switches on core 1)
[pid: 28642|app: 0|req: 3/8] 101.91.60.108 () {36 vars in 668 bytes} [Tue Jan 22 13:03:23 2019] GET / => generated 6533 bytes in 24 msecs (HTTP/1.1 200) 5 headers in 292 bytes (1 switches on core 0)
[pid: 28642|app: 0|req: 4/9] 61.151.178.165 () {36 vars in 582 bytes} [Tue Jan 22 13:03:23 2019] GET / => generated 6533 bytes in 24 msecs (HTTP/1.1 200) 5 headers in 292 bytes (1 switches on core 1)
[pid: 28643|app: 0|req: 2/10] 61.151.178.163 () {36 vars in 605 bytes} [Tue Jan 22 13:03:29 2019] GET /login/?from= => generated 3931 bytes in 14 msecs (HTTP/1.1 200) 5 headers in 292 bytes (1 switches on core 1)
...gracefully killing workers...
Gracefully killing worker 3 (pid: 28643)...
Gracefully killing worker 1 (pid: 28641)...
Gracefully killing worker 4 (pid: 28645)...
Gracefully killing worker 2 (pid: 28642)...
worker 1 buried after 1 seconds
worker 2 buried after 1 seconds
worker 3 buried after 1 seconds
worker 4 buried after 1 seconds
binary reloading uWSGI...
chdir() to /home/pythonsrc/hello/uwsgi
closing all non-uwsgi socket fds > 2 (max_fd = 1024)...
found fd 3 mapped to socket 0 (127.0.0.1:8088)
running /usr/python3.6/bin/uwsgi
[uWSGI] getting INI configuration from uwsgi.ini
*** Starting uWSGI 2.0.17.1 (32bit) on [Tue Jan 22 13:05:07 2019] ***
compiled with version: 4.4.7 20120313 (Red Hat 4.4.7-23) on 07 January 2019 01:44:56
os: Linux-4.4.161-1.el6.elrepo.i686 #1 SMP Sat Oct 13 10:01:42 EDT 2018
nodename: i-6C14A0A8
machine: i686
clock source: unix
pcre jit disabled
detected number of CPU cores: 4
current working directory: /home/pythonsrc/hello/uwsgi
detected binary path: /usr/python3.6/bin/uwsgi
uWSGI running as root, you can use --uid/--gid/--chroot options
*** WARNING: you are running uWSGI as root !!! (use the --uid flag) *** 
chdir() to /home/pythonsrc/hello/
your processes number limit is 64685
your memory page size is 4096 bytes
detected max file descriptor number: 1024
lock engine: pthread robust mutexes
thunder lock: disabled (you can enable it with --thunder-lock)
uwsgi socket 0 inherited INET address 127.0.0.1:8088 fd 3
uWSGI running as root, you can use --uid/--gid/--chroot options
*** WARNING: you are running uWSGI as root !!! (use the --uid flag) *** 
Python version: 3.6.8 (default, Jan  4 2019, 13:14:49)  [GCC 7.2.0]
Python main interpreter initialized at 0x949a5f0
uWSGI running as root, you can use --uid/--gid/--chroot options
*** WARNING: you are running uWSGI as root !!! (use the --uid flag) *** 
python threads support enabled
your server socket listen backlog is limited to 100 connections
your mercy for graceful operations on workers is 60 seconds
mapped 358400 bytes (350 KB) for 8 cores
*** Operational MODE: preforking+threaded ***
WSGI app 0 (mountpoint='') ready in 0 seconds on interpreter 0x949a5f0 pid: 28615 (default app)
uWSGI running as root, you can use --uid/--gid/--chroot options
*** WARNING: you are running uWSGI as root !!! (use the --uid flag) *** 
*** uWSGI is running in multiple interpreter mode ***
gracefully (RE)spawned uWSGI master process (pid: 28615)
spawned uWSGI worker 1 (pid: 6675, cores: 2)
spawned uWSGI worker 2 (pid: 6676, cores: 2)
spawned uWSGI worker 3 (pid: 6677, cores: 2)
spawned uWSGI worker 4 (pid: 6679, cores: 2)
[pid: 6676|app: 0|req: 1/1] 117.91.230.48 () {44 vars in 859 bytes} [Tue Jan 22 13:05:13 2019] GET /admin/ => generated 7029 bytes in 70 msecs (HTTP/1.1 200) 6 headers in 227 bytes (1 switches on core 0)
[pid: 6677|app: 0|req: 1/2] 117.91.230.48 () {44 vars in 847 bytes} [Tue Jan 22 13:05:15 2019] GET / => generated 6532 bytes in 70 msecs (HTTP/1.1 200) 5 headers in 292 bytes (1 switches on core 0)
[pid: 6676|app: 0|req: 2/3] 117.91.230.48 () {44 vars in 874 bytes} [Tue Jan 22 13:05:33 2019] GET /admin/ => generated 7029 bytes in 22 msecs (HTTP/1.1 200) 6 headers in 227 bytes (1 switches on core 1)
[pid: 6676|app: 0|req: 3/4] 117.91.230.48 () {44 vars in 894 bytes} [Tue Jan 22 13:05:38 2019] GET /admin/logout/ => generated 1208 bytes in 40 msecs (HTTP/1.1 200) 6 headers in 298 bytes (1 switches on core 0)
[pid: 6677|app: 0|req: 2/5] 117.91.230.48 () {44 vars in 843 bytes} [Tue Jan 22 13:05:39 2019] GET /admin/ => generated 0 bytes in 9 msecs (HTTP/1.1 302) 7 headers in 265 bytes (1 switches on core 1)
[pid: 6675|app: 0|req: 1/6] 117.91.230.48 () {44 vars in 880 bytes} [Tue Jan 22 13:05:39 2019] GET /admin/login/?next=/admin/ => generated 1821 bytes in 60 msecs (HTTP/1.1 200) 7 headers in 395 bytes (1 switches on core 0)
[pid: 6679|app: 0|req: 1/7] 117.91.230.48 () {42 vars in 780 bytes} [Tue Jan 22 13:06:06 2019] GET / => generated 6533 bytes in 67 msecs (HTTP/1.1 200) 5 headers in 292 bytes (1 switches on core 0)
[pid: 6677|app: 0|req: 3/8] 117.91.230.48 () {44 vars in 843 bytes} [Tue Jan 22 13:06:09 2019] GET /login/?from=/ => generated 3958 bytes in 14 msecs (HTTP/1.1 200) 5 headers in 292 bytes (1 switches on core 0)
[pid: 6676|app: 0|req: 4/9] 49.94.162.198 () {42 vars in 784 bytes} [Tue Jan 22 13:06:16 2019] GET / => generated 6533 bytes in 24 msecs (HTTP/1.1 200) 5 headers in 292 bytes (1 switches on core 1)
[pid: 6675|app: 0|req: 2/10] 49.94.162.198 () {44 vars in 847 bytes} [Tue Jan 22 13:06:18 2019] GET /login/?from=/ => generated 3958 bytes in 7 msecs (HTTP/1.1 200) 5 headers in 292 bytes (1 switches on core 1)
...gracefully killing workers...
Gracefully killing worker 4 (pid: 6679)...
Gracefully killing worker 2 (pid: 6676)...
Gracefully killing worker 1 (pid: 6675)...
Gracefully killing worker 3 (pid: 6677)...
worker 1 buried after 1 seconds
worker 2 buried after 1 seconds
worker 3 buried after 1 seconds
worker 4 buried after 1 seconds
binary reloading uWSGI...
chdir() to /home/pythonsrc/hello/uwsgi
closing all non-uwsgi socket fds > 2 (max_fd = 1024)...
found fd 3 mapped to socket 0 (127.0.0.1:8088)
running /usr/python3.6/bin/uwsgi
[uWSGI] getting INI configuration from uwsgi.ini
*** Starting uWSGI 2.0.17.1 (32bit) on [Tue Jan 22 13:09:55 2019] ***
compiled with version: 4.4.7 20120313 (Red Hat 4.4.7-23) on 07 January 2019 01:44:56
os: Linux-4.4.161-1.el6.elrepo.i686 #1 SMP Sat Oct 13 10:01:42 EDT 2018
nodename: i-6C14A0A8
machine: i686
clock source: unix
pcre jit disabled
detected number of CPU cores: 4
current working directory: /home/pythonsrc/hello/uwsgi
detected binary path: /usr/python3.6/bin/uwsgi
uWSGI running as root, you can use --uid/--gid/--chroot options
*** WARNING: you are running uWSGI as root !!! (use the --uid flag) *** 
chdir() to /home/pythonsrc/hello/
your processes number limit is 64685
your memory page size is 4096 bytes
detected max file descriptor number: 1024
lock engine: pthread robust mutexes
thunder lock: disabled (you can enable it with --thunder-lock)
uwsgi socket 0 bound to TCP address 127.0.0.1:8900 fd 3
uWSGI running as root, you can use --uid/--gid/--chroot options
*** WARNING: you are running uWSGI as root !!! (use the --uid flag) *** 
Python version: 3.6.8 (default, Jan  4 2019, 13:14:49)  [GCC 7.2.0]
Python main interpreter initialized at 0x9dbd9d0
uWSGI running as root, you can use --uid/--gid/--chroot options
*** WARNING: you are running uWSGI as root !!! (use the --uid flag) *** 
python threads support enabled
your server socket listen backlog is limited to 100 connections
your mercy for graceful operations on workers is 60 seconds
mapped 358400 bytes (350 KB) for 8 cores
*** Operational MODE: preforking+threaded ***
WSGI app 0 (mountpoint='') ready in 1 seconds on interpreter 0x9dbd9d0 pid: 28615 (default app)
uWSGI running as root, you can use --uid/--gid/--chroot options
*** WARNING: you are running uWSGI as root !!! (use the --uid flag) *** 
*** uWSGI is running in multiple interpreter mode ***
gracefully (RE)spawned uWSGI master process (pid: 28615)
spawned uWSGI worker 1 (pid: 14781, cores: 2)
spawned uWSGI worker 2 (pid: 14782, cores: 2)
spawned uWSGI worker 3 (pid: 14783, cores: 2)
spawned uWSGI worker 4 (pid: 14785, cores: 2)
...gracefully killing workers...
Gracefully killing worker 4 (pid: 14785)...
Gracefully killing worker 1 (pid: 14781)...
Gracefully killing worker 3 (pid: 14783)...
Gracefully killing worker 2 (pid: 14782)...
worker 1 buried after 1 seconds
worker 2 buried after 1 seconds
worker 3 buried after 1 seconds
worker 4 buried after 1 seconds
binary reloading uWSGI...
chdir() to /home/pythonsrc/hello/uwsgi
closing all non-uwsgi socket fds > 2 (max_fd = 1024)...
found fd 3 mapped to socket 0 (127.0.0.1:8900)
running /usr/python3.6/bin/uwsgi
[uWSGI] getting INI configuration from uwsgi.ini
*** Starting uWSGI 2.0.17.1 (32bit) on [Tue Jan 22 13:16:13 2019] ***
compiled with version: 4.4.7 20120313 (Red Hat 4.4.7-23) on 07 January 2019 01:44:56
os: Linux-4.4.161-1.el6.elrepo.i686 #1 SMP Sat Oct 13 10:01:42 EDT 2018
nodename: i-6C14A0A8
machine: i686
clock source: unix
pcre jit disabled
detected number of CPU cores: 4
current working directory: /home/pythonsrc/hello/uwsgi
detected binary path: /usr/python3.6/bin/uwsgi
uWSGI running as root, you can use --uid/--gid/--chroot options
*** WARNING: you are running uWSGI as root !!! (use the --uid flag) *** 
chdir() to /home/pythonsrc/hello/
your processes number limit is 64685
your memory page size is 4096 bytes
detected max file descriptor number: 1024
lock engine: pthread robust mutexes
thunder lock: disabled (you can enable it with --thunder-lock)
uwsgi socket 0 bound to TCP address 127.0.0.1:8088 fd 3
uWSGI running as root, you can use --uid/--gid/--chroot options
*** WARNING: you are running uWSGI as root !!! (use the --uid flag) *** 
Python version: 3.6.8 (default, Jan  4 2019, 13:14:49)  [GCC 7.2.0]
Python main interpreter initialized at 0x9b9a9d0
uWSGI running as root, you can use --uid/--gid/--chroot options
*** WARNING: you are running uWSGI as root !!! (use the --uid flag) *** 
python threads support enabled
your server socket listen backlog is limited to 100 connections
your mercy for graceful operations on workers is 60 seconds
mapped 358400 bytes (350 KB) for 8 cores
*** Operational MODE: preforking+threaded ***
WSGI app 0 (mountpoint='') ready in 0 seconds on interpreter 0x9b9a9d0 pid: 28615 (default app)
uWSGI running as root, you can use --uid/--gid/--chroot options
*** WARNING: you are running uWSGI as root !!! (use the --uid flag) *** 
*** uWSGI is running in multiple interpreter mode ***
gracefully (RE)spawned uWSGI master process (pid: 28615)
spawned uWSGI worker 1 (pid: 25451, cores: 2)
spawned uWSGI worker 2 (pid: 25452, cores: 2)
spawned uWSGI worker 3 (pid: 25453, cores: 2)
spawned uWSGI worker 4 (pid: 25455, cores: 2)
[pid: 25452|app: 0|req: 1/1] 117.91.230.48 () {44 vars in 787 bytes} [Tue Jan 22 13:16:26 2019] GET / => generated 6533 bytes in 63 msecs (HTTP/1.1 200) 5 headers in 292 bytes (1 switches on core 0)
Not Found: /favicon.ico
[pid: 25451|app: 0|req: 1/2] 117.91.230.48 () {42 vars in 747 bytes} [Tue Jan 22 13:16:27 2019] GET /favicon.ico => generated 2603 bytes in 14 msecs (HTTP/1.1 404) 3 headers in 102 bytes (1 switches on core 0)
[pid: 25451|app: 0|req: 2/3] 117.91.230.48 () {44 vars in 831 bytes} [Tue Jan 22 13:16:31 2019] GET /login/?from=/ => generated 3958 bytes in 26 msecs (HTTP/1.1 200) 5 headers in 292 bytes (1 switches on core 1)
[pid: 25453|app: 0|req: 1/4] 117.91.230.48 () {52 vars in 1033 bytes} [Tue Jan 22 13:16:32 2019] POST /login/?from=/ => generated 0 bytes in 211 msecs (HTTP/1.1 302) 7 headers in 450 bytes (1 switches on core 0)
[pid: 25453|app: 0|req: 2/5] 117.91.230.48 () {46 vars in 894 bytes} [Tue Jan 22 13:16:33 2019] GET / => generated 6532 bytes in 49 msecs (HTTP/1.1 200) 5 headers in 292 bytes (1 switches on core 1)
[pid: 25452|app: 0|req: 2/6] 117.91.230.48 () {44 vars in 862 bytes} [Tue Jan 22 13:16:34 2019] GET /admin/ => generated 7029 bytes in 29 msecs (HTTP/1.1 200) 6 headers in 227 bytes (1 switches on core 1)
[pid: 25452|app: 0|req: 3/7] 49.94.162.198 () {42 vars in 788 bytes} [Tue Jan 22 13:17:05 2019] GET / => generated 6533 bytes in 25 msecs (HTTP/1.1 200) 5 headers in 292 bytes (1 switches on core 0)
[pid: 25452|app: 0|req: 4/8] 49.94.162.198 () {44 vars in 856 bytes} [Tue Jan 22 13:17:07 2019] GET /login/?from=/ => generated 3958 bytes in 9 msecs (HTTP/1.1 200) 5 headers in 292 bytes (1 switches on core 1)
[pid: 25452|app: 0|req: 5/9] 49.94.162.198 () {50 vars in 1027 bytes} [Tue Jan 22 13:17:16 2019] POST /login/?from=/ => generated 0 bytes in 209 msecs (HTTP/1.1 302) 7 headers in 450 bytes (1 switches on core 0)
[pid: 25452|app: 0|req: 6/10] 49.94.162.198 () {46 vars in 929 bytes} [Tue Jan 22 13:17:16 2019] GET / => generated 6532 bytes in 42 msecs (HTTP/1.1 200) 5 headers in 292 bytes (1 switches on core 1)
[pid: 25452|app: 0|req: 7/11] 49.94.162.198 () {44 vars in 875 bytes} [Tue Jan 22 13:17:20 2019] GET / => generated 6532 bytes in 34 msecs (HTTP/1.1 200) 5 headers in 292 bytes (1 switches on core 0)
[pid: 25452|app: 0|req: 8/12] 101.91.60.11 () {36 vars in 648 bytes} [Tue Jan 22 13:18:05 2019] GET / => generated 6533 bytes in 24 msecs (HTTP/1.1 200) 5 headers in 292 bytes (1 switches on core 1)
[pid: 25452|app: 0|req: 9/13] 101.89.239.120 () {36 vars in 606 bytes} [Tue Jan 22 13:18:07 2019] GET /login/?from= => generated 3957 bytes in 7 msecs (HTTP/1.1 200) 5 headers in 292 bytes (1 switches on core 0)
[pid: 25452|app: 0|req: 10/14] 117.91.230.48 () {44 vars in 856 bytes} [Tue Jan 22 13:20:50 2019] GET / => generated 6532 bytes in 25 msecs (HTTP/1.1 200) 5 headers in 292 bytes (1 switches on core 1)
[pid: 25452|app: 0|req: 11/15] 117.91.230.48 () {44 vars in 831 bytes} [Tue Jan 22 13:46:38 2019] GET / => generated 6532 bytes in 29 msecs (HTTP/1.1 200) 5 headers in 292 bytes (1 switches on core 0)
...gracefully killing workers...
Gracefully killing worker 1 (pid: 25451)...
Gracefully killing worker 3 (pid: 25453)...
Gracefully killing worker 2 (pid: 25452)...
Gracefully killing worker 4 (pid: 25455)...
worker 1 buried after 1 seconds
worker 2 buried after 1 seconds
worker 3 buried after 1 seconds
worker 4 buried after 1 seconds
binary reloading uWSGI...
chdir() to /home/pythonsrc/hello/uwsgi
closing all non-uwsgi socket fds > 2 (max_fd = 1024)...
found fd 3 mapped to socket 0 (127.0.0.1:8088)
running /usr/python3.6/bin/uwsgi
[uWSGI] getting INI configuration from uwsgi.ini
*** Starting uWSGI 2.0.17.1 (32bit) on [Tue Jan 22 13:57:38 2019] ***
compiled with version: 4.4.7 20120313 (Red Hat 4.4.7-23) on 07 January 2019 01:44:56
os: Linux-4.4.161-1.el6.elrepo.i686 #1 SMP Sat Oct 13 10:01:42 EDT 2018
nodename: i-6C14A0A8
machine: i686
clock source: unix
pcre jit disabled
detected number of CPU cores: 4
current working directory: /home/pythonsrc/hello/uwsgi
detected binary path: /usr/python3.6/bin/uwsgi
uWSGI running as root, you can use --uid/--gid/--chroot options
*** WARNING: you are running uWSGI as root !!! (use the --uid flag) *** 
chdir() to /home/pythonsrc/hello/
your processes number limit is 64685
your memory page size is 4096 bytes
detected max file descriptor number: 1024
lock engine: pthread robust mutexes
thunder lock: disabled (you can enable it with --thunder-lock)
uwsgi socket 0 inherited INET address 127.0.0.1:8088 fd 3
uWSGI running as root, you can use --uid/--gid/--chroot options
*** WARNING: you are running uWSGI as root !!! (use the --uid flag) *** 
Python version: 3.6.8 (default, Jan  4 2019, 13:14:49)  [GCC 7.2.0]
Python main interpreter initialized at 0x9da55f0
uWSGI running as root, you can use --uid/--gid/--chroot options
*** WARNING: you are running uWSGI as root !!! (use the --uid flag) *** 
python threads support enabled
your server socket listen backlog is limited to 100 connections
your mercy for graceful operations on workers is 60 seconds
mapped 358400 bytes (350 KB) for 8 cores
*** Operational MODE: preforking+threaded ***
WSGI app 0 (mountpoint='') ready in 0 seconds on interpreter 0x9da55f0 pid: 28615 (default app)
uWSGI running as root, you can use --uid/--gid/--chroot options
*** WARNING: you are running uWSGI as root !!! (use the --uid flag) *** 
*** uWSGI is running in multiple interpreter mode ***
gracefully (RE)spawned uWSGI master process (pid: 28615)
spawned uWSGI worker 1 (pid: 30378, cores: 2)
spawned uWSGI worker 2 (pid: 30379, cores: 2)
spawned uWSGI worker 3 (pid: 30380, cores: 2)
spawned uWSGI worker 4 (pid: 30382, cores: 2)
[pid: 30382|app: 0|req: 1/1] 117.91.230.48 () {44 vars in 862 bytes} [Tue Jan 22 13:57:40 2019] GET /admin/ => generated 7065 bytes in 70 msecs (HTTP/1.1 200) 6 headers in 227 bytes (1 switches on core 0)
[pid: 30382|app: 0|req: 2/2] 117.91.230.48 () {44 vars in 882 bytes} [Tue Jan 22 13:57:48 2019] GET /admin/logout/ => generated 1244 bytes in 18 msecs (HTTP/1.1 200) 6 headers in 298 bytes (1 switches on core 1)
[pid: 30382|app: 0|req: 3/3] 117.91.230.48 () {44 vars in 831 bytes} [Tue Jan 22 13:57:50 2019] GET /admin/ => generated 0 bytes in 2 msecs (HTTP/1.1 302) 7 headers in 265 bytes (1 switches on core 0)
[pid: 30382|app: 0|req: 4/4] 117.91.230.48 () {44 vars in 868 bytes} [Tue Jan 22 13:57:50 2019] GET /admin/login/?next=/admin/ => generated 1863 bytes in 25 msecs (HTTP/1.1 200) 7 headers in 395 bytes (1 switches on core 1)
[pid: 30382|app: 0|req: 5/5] 117.91.230.48 () {42 vars in 781 bytes} [Tue Jan 22 13:57:50 2019] GET /static/admin/css/login.css => generated 1203 bytes in 4 msecs via sendfile() (HTTP/1.1 200) 4 headers in 140 bytes (0 switches on core 0)
...gracefully killing workers...
Gracefully killing worker 2 (pid: 30379)...
Gracefully killing worker 1 (pid: 30378)...
Gracefully killing worker 3 (pid: 30380)...
Gracefully killing worker 4 (pid: 30382)...
worker 1 buried after 1 seconds
worker 2 buried after 1 seconds
worker 3 buried after 1 seconds
worker 4 buried after 1 seconds
binary reloading uWSGI...
chdir() to /home/pythonsrc/hello/uwsgi
closing all non-uwsgi socket fds > 2 (max_fd = 1024)...
found fd 3 mapped to socket 0 (127.0.0.1:8088)
running /usr/python3.6/bin/uwsgi
[uWSGI] getting INI configuration from uwsgi.ini
*** Starting uWSGI 2.0.17.1 (32bit) on [Tue Jan 22 14:01:10 2019] ***
compiled with version: 4.4.7 20120313 (Red Hat 4.4.7-23) on 07 January 2019 01:44:56
os: Linux-4.4.161-1.el6.elrepo.i686 #1 SMP Sat Oct 13 10:01:42 EDT 2018
nodename: i-6C14A0A8
machine: i686
clock source: unix
pcre jit disabled
detected number of CPU cores: 4
current working directory: /home/pythonsrc/hello/uwsgi
detected binary path: /usr/python3.6/bin/uwsgi
uWSGI running as root, you can use --uid/--gid/--chroot options
*** WARNING: you are running uWSGI as root !!! (use the --uid flag) *** 
chdir() to /home/pythonsrc/hello/
your processes number limit is 64685
your memory page size is 4096 bytes
detected max file descriptor number: 1024
lock engine: pthread robust mutexes
thunder lock: disabled (you can enable it with --thunder-lock)
uwsgi socket 0 inherited INET address 127.0.0.1:8088 fd 3
uWSGI running as root, you can use --uid/--gid/--chroot options
*** WARNING: you are running uWSGI as root !!! (use the --uid flag) *** 
Python version: 3.6.8 (default, Jan  4 2019, 13:14:49)  [GCC 7.2.0]
Python main interpreter initialized at 0x8c3f5f0
uWSGI running as root, you can use --uid/--gid/--chroot options
*** WARNING: you are running uWSGI as root !!! (use the --uid flag) *** 
python threads support enabled
your server socket listen backlog is limited to 100 connections
your mercy for graceful operations on workers is 60 seconds
mapped 358400 bytes (350 KB) for 8 cores
*** Operational MODE: preforking+threaded ***
WSGI app 0 (mountpoint='') ready in 0 seconds on interpreter 0x8c3f5f0 pid: 28615 (default app)
uWSGI running as root, you can use --uid/--gid/--chroot options
*** WARNING: you are running uWSGI as root !!! (use the --uid flag) *** 
*** uWSGI is running in multiple interpreter mode ***
gracefully (RE)spawned uWSGI master process (pid: 28615)
spawned uWSGI worker 1 (pid: 3892, cores: 2)
spawned uWSGI worker 2 (pid: 3893, cores: 2)
spawned uWSGI worker 3 (pid: 3894, cores: 2)
spawned uWSGI worker 4 (pid: 3896, cores: 2)
[pid: 3892|app: 0|req: 1/1] 117.91.230.48 () {46 vars in 899 bytes} [Tue Jan 22 14:01:12 2019] GET /admin/login/?next=/admin/ => generated 1821 bytes in 62 msecs (HTTP/1.1 200) 7 headers in 395 bytes (1 switches on core 0)
...gracefully killing workers...
Gracefully killing worker 1 (pid: 3892)...
Gracefully killing worker 2 (pid: 3893)...
Gracefully killing worker 3 (pid: 3894)...
Gracefully killing worker 4 (pid: 3896)...
worker 1 buried after 1 seconds
worker 2 buried after 1 seconds
worker 3 buried after 1 seconds
worker 4 buried after 1 seconds
binary reloading uWSGI...
chdir() to /home/pythonsrc/hello/uwsgi
closing all non-uwsgi socket fds > 2 (max_fd = 1024)...
found fd 3 mapped to socket 0 (127.0.0.1:8088)
running /usr/python3.6/bin/uwsgi
[uWSGI] getting INI configuration from uwsgi.ini
*** Starting uWSGI 2.0.17.1 (32bit) on [Tue Jan 22 14:04:06 2019] ***
compiled with version: 4.4.7 20120313 (Red Hat 4.4.7-23) on 07 January 2019 01:44:56
os: Linux-4.4.161-1.el6.elrepo.i686 #1 SMP Sat Oct 13 10:01:42 EDT 2018
nodename: i-6C14A0A8
machine: i686
clock source: unix
pcre jit disabled
detected number of CPU cores: 4
current working directory: /home/pythonsrc/hello/uwsgi
detected binary path: /usr/python3.6/bin/uwsgi
uWSGI running as root, you can use --uid/--gid/--chroot options
*** WARNING: you are running uWSGI as root !!! (use the --uid flag) *** 
chdir() to /home/pythonsrc/hello/
your processes number limit is 64685
your memory page size is 4096 bytes
detected max file descriptor number: 1024
lock engine: pthread robust mutexes
thunder lock: disabled (you can enable it with --thunder-lock)
uwsgi socket 0 inherited INET address 127.0.0.1:8088 fd 3
uWSGI running as root, you can use --uid/--gid/--chroot options
*** WARNING: you are running uWSGI as root !!! (use the --uid flag) *** 
Python version: 3.6.8 (default, Jan  4 2019, 13:14:49)  [GCC 7.2.0]
Python main interpreter initialized at 0x94215f0
uWSGI running as root, you can use --uid/--gid/--chroot options
*** WARNING: you are running uWSGI as root !!! (use the --uid flag) *** 
python threads support enabled
your server socket listen backlog is limited to 100 connections
your mercy for graceful operations on workers is 60 seconds
mapped 358400 bytes (350 KB) for 8 cores
*** Operational MODE: preforking+threaded ***
WSGI app 0 (mountpoint='') ready in 0 seconds on interpreter 0x94215f0 pid: 28615 (default app)
uWSGI running as root, you can use --uid/--gid/--chroot options
*** WARNING: you are running uWSGI as root !!! (use the --uid flag) *** 
*** uWSGI is running in multiple interpreter mode ***
gracefully (RE)spawned uWSGI master process (pid: 28615)
spawned uWSGI worker 1 (pid: 8849, cores: 2)
spawned uWSGI worker 2 (pid: 8850, cores: 2)
spawned uWSGI worker 3 (pid: 8852, cores: 2)
spawned uWSGI worker 4 (pid: 8854, cores: 2)
[pid: 8852|app: 0|req: 1/1] 117.91.230.48 () {48 vars in 921 bytes} [Tue Jan 22 14:04:07 2019] GET /admin/login/?next=/admin/ => generated 1819 bytes in 60 msecs (HTTP/1.1 200) 7 headers in 395 bytes (1 switches on core 0)
[pid: 8850|app: 0|req: 2/2] 117.91.230.48 () {46 vars in 834 bytes} [Tue Jan 22 14:04:07 2019] GET /static/admin/css/login.css => generated 1203 bytes in 14 msecs via sendfile() (HTTP/1.1 200) 4 headers in 140 bytes (0 switches on core 1)
[pid: 8850|app: 0|req: 2/3] 117.91.230.48 () {46 vars in 832 bytes} [Tue Jan 22 14:04:07 2019] GET /static/admin/css/base.css => generated 16225 bytes in 19 msecs via sendfile() (HTTP/1.1 200) 4 headers in 141 bytes (0 switches on core 0)
[pid: 8852|app: 0|req: 2/4] 117.91.230.48 () {46 vars in 844 bytes} [Tue Jan 22 14:04:07 2019] GET /static/admin/css/responsive.css => generated 17976 bytes in 4 msecs via sendfile() (HTTP/1.1 200) 4 headers in 141 bytes (0 switches on core 1)
[pid: 8850|app: 0|req: 3/5] 117.91.230.48 () {46 vars in 834 bytes} [Tue Jan 22 14:04:07 2019] GET /static/admin/css/fonts.css => generated 423 bytes in 0 msecs via sendfile() (HTTP/1.1 200) 4 headers in 139 bytes (0 switches on core 1)
[pid: 8854|app: 0|req: 2/6] 117.91.230.48 () {48 vars in 897 bytes} [Tue Jan 22 14:04:07 2019] GET /static/admin/fonts/Roboto-Light-webfont.woff => generated 81348 bytes in 18 msecs via sendfile() (HTTP/1.1 200) 4 headers in 157 bytes (0 switches on core 1)
[pid: 8854|app: 0|req: 2/7] 117.91.230.48 () {48 vars in 901 bytes} [Tue Jan 22 14:04:07 2019] GET /static/admin/fonts/Roboto-Regular-webfont.woff => generated 80304 bytes in 19 msecs via sendfile() (HTTP/1.1 200) 4 headers in 157 bytes (0 switches on core 0)
Not Found: /favicon.ico
[pid: 8854|app: 0|req: 3/8] 117.91.230.48 () {46 vars in 825 bytes} [Tue Jan 22 14:04:07 2019] GET /favicon.ico => generated 2603 bytes in 3 msecs (HTTP/1.1 404) 3 headers in 102 bytes (1 switches on core 1)
[pid: 8854|app: 0|req: 4/9] 117.91.230.48 () {52 vars in 1069 bytes} [Tue Jan 22 14:04:11 2019] POST /admin/login/?next=/admin/ => generated 0 bytes in 196 msecs (HTTP/1.1 302) 9 headers in 559 bytes (1 switches on core 0)
[pid: 8849|app: 0|req: 1/10] 117.91.230.48 () {46 vars in 918 bytes} [Tue Jan 22 14:04:12 2019] GET /admin/ => generated 7021 bytes in 68 msecs (HTTP/1.1 200) 6 headers in 227 bytes (1 switches on core 0)
[pid: 8849|app: 0|req: 2/11] 117.91.230.48 () {48 vars in 940 bytes} [Tue Jan 22 14:10:36 2019] GET /admin/ => generated 7021 bytes in 20 msecs (HTTP/1.1 200) 6 headers in 227 bytes (1 switches on core 1)
[pid: 8854|app: 0|req: 6/12] 117.91.230.48 () {46 vars in 867 bytes} [Tue Jan 22 14:10:36 2019] GET /static/admin/css/dashboard.css => generated 412 bytes in 2 msecs via sendfile() (HTTP/1.1 200) 4 headers in 139 bytes (0 switches on core 0)
[pid: 8854|app: 0|req: 6/13] 117.91.230.48 () {46 vars in 857 bytes} [Tue Jan 22 14:10:36 2019] GET /static/admin/css/base.css => generated 16225 bytes in 2 msecs via sendfile() (HTTP/1.1 200) 4 headers in 141 bytes (0 switches on core 1)
[pid: 8854|app: 0|req: 7/14] 117.91.230.48 () {46 vars in 869 bytes} [Tue Jan 22 14:10:36 2019] GET /static/admin/css/responsive.css => generated 17976 bytes in 0 msecs via sendfile() (HTTP/1.1 200) 4 headers in 141 bytes (0 switches on core 0)
[pid: 8854|app: 0|req: 8/15] 117.91.230.48 () {46 vars in 859 bytes} [Tue Jan 22 14:10:36 2019] GET /static/admin/css/fonts.css => generated 423 bytes in 0 msecs via sendfile() (HTTP/1.1 200) 4 headers in 139 bytes (0 switches on core 1)
[pid: 8854|app: 0|req: 9/16] 117.91.230.48 () {46 vars in 913 bytes} [Tue Jan 22 14:10:36 2019] GET /static/admin/img/icon-addlink.svg => generated 331 bytes in 1 msecs via sendfile() (HTTP/1.1 200) 4 headers in 144 bytes (0 switches on core 0)
[pid: 8854|app: 0|req: 10/17] 117.91.230.48 () {46 vars in 919 bytes} [Tue Jan 22 14:10:36 2019] GET /static/admin/img/icon-changelink.svg => generated 380 bytes in 0 msecs via sendfile() (HTTP/1.1 200) 4 headers in 144 bytes (0 switches on core 1)
[pid: 8854|app: 0|req: 11/18] 117.91.230.48 () {48 vars in 941 bytes} [Tue Jan 22 14:10:36 2019] GET /static/admin/fonts/Roboto-Light-webfont.woff => generated 81348 bytes in 0 msecs via sendfile() (HTTP/1.1 200) 4 headers in 157 bytes (0 switches on core 0)
[pid: 8850|app: 0|req: 4/19] 117.91.230.48 () {48 vars in 939 bytes} [Tue Jan 22 14:10:36 2019] GET /static/admin/fonts/Roboto-Bold-webfont.woff => generated 82564 bytes in 1 msecs via sendfile() (HTTP/1.1 200) 4 headers in 157 bytes (0 switches on core 0)
[pid: 8850|app: 0|req: 5/20] 117.91.230.48 () {48 vars in 945 bytes} [Tue Jan 22 14:10:36 2019] GET /static/admin/fonts/Roboto-Regular-webfont.woff => generated 80304 bytes in 0 msecs via sendfile() (HTTP/1.1 200) 4 headers in 157 bytes (0 switches on core 1)
Not Found: /favicon.ico
[pid: 8854|app: 0|req: 12/21] 117.91.230.48 () {46 vars in 850 bytes} [Tue Jan 22 14:10:36 2019] GET /favicon.ico => generated 2603 bytes in 3 msecs (HTTP/1.1 404) 3 headers in 102 bytes (1 switches on core 1)
[pid: 8854|app: 0|req: 13/22] 117.91.230.48 () {44 vars in 856 bytes} [Tue Jan 22 14:10:38 2019] GET / => generated 6532 bytes in 52 msecs (HTTP/1.1 200) 5 headers in 292 bytes (1 switches on core 0)
[pid: 8854|app: 0|req: 14/23] 117.91.230.48 () {42 vars in 807 bytes} [Tue Jan 22 16:05:47 2019] GET / => generated 6532 bytes in 24 msecs (HTTP/1.1 200) 5 headers in 292 bytes (1 switches on core 1)
Not Found: /favicon.ico
[pid: 8854|app: 0|req: 15/24] 117.91.230.48 () {42 vars in 791 bytes} [Tue Jan 22 16:05:47 2019] GET /favicon.ico => generated 2603 bytes in 3 msecs (HTTP/1.1 404) 3 headers in 102 bytes (1 switches on core 0)
[pid: 8849|app: 0|req: 3/25] 117.91.230.48 () {44 vars in 862 bytes} [Tue Jan 22 16:05:50 2019] GET /admin/ => generated 7021 bytes in 28 msecs (HTTP/1.1 200) 6 headers in 227 bytes (1 switches on core 0)
[pid: 8854|app: 0|req: 17/26] 117.91.230.48 () {42 vars in 814 bytes} [Tue Jan 22 16:05:50 2019] GET /static/admin/css/dashboard.css => generated 412 bytes in 1 msecs via sendfile() (HTTP/1.1 200) 4 headers in 139 bytes (0 switches on core 0)
[pid: 8854|app: 0|req: 17/27] 117.91.230.48 () {42 vars in 804 bytes} [Tue Jan 22 16:05:50 2019] GET /static/admin/css/base.css => generated 16225 bytes in 2 msecs via sendfile() (HTTP/1.1 200) 4 headers in 141 bytes (0 switches on core 1)
[pid: 8854|app: 0|req: 18/28] 117.91.230.48 () {42 vars in 816 bytes} [Tue Jan 22 16:05:50 2019] GET /static/admin/css/responsive.css => generated 17976 bytes in 0 msecs via sendfile() (HTTP/1.1 200) 4 headers in 141 bytes (0 switches on core 0)
[pid: 8854|app: 0|req: 19/29] 117.91.230.48 () {42 vars in 806 bytes} [Tue Jan 22 16:05:50 2019] GET /static/admin/css/fonts.css => generated 423 bytes in 0 msecs via sendfile() (HTTP/1.1 200) 4 headers in 139 bytes (0 switches on core 1)
[pid: 8854|app: 0|req: 21/30] 117.91.230.48 () {42 vars in 860 bytes} [Tue Jan 22 16:05:50 2019] GET /static/admin/img/icon-addlink.svg => generated 331 bytes in 1 msecs via sendfile() (HTTP/1.1 200) 4 headers in 144 bytes (0 switches on core 0)
[pid: 8854|app: 0|req: 21/31] 117.91.230.48 () {42 vars in 866 bytes} [Tue Jan 22 16:05:50 2019] GET /static/admin/img/icon-changelink.svg => generated 380 bytes in 1 msecs via sendfile() (HTTP/1.1 200) 4 headers in 144 bytes (0 switches on core 1)
[pid: 8849|app: 0|req: 4/32] 117.91.230.48 () {44 vars in 888 bytes} [Tue Jan 22 16:05:50 2019] GET /static/admin/fonts/Roboto-Light-webfont.woff => generated 81348 bytes in 4 msecs via sendfile() (HTTP/1.1 200) 4 headers in 157 bytes (0 switches on core 1)
[pid: 8852|app: 0|req: 3/33] 117.91.230.48 () {44 vars in 886 bytes} [Tue Jan 22 16:05:50 2019] GET /static/admin/fonts/Roboto-Bold-webfont.woff => generated 82564 bytes in 1 msecs via sendfile() (HTTP/1.1 200) 4 headers in 157 bytes (0 switches on core 0)
[pid: 8852|app: 0|req: 4/34] 117.91.230.48 () {44 vars in 892 bytes} [Tue Jan 22 16:05:50 2019] GET /static/admin/fonts/Roboto-Regular-webfont.woff => generated 80304 bytes in 0 msecs via sendfile() (HTTP/1.1 200) 4 headers in 157 bytes (0 switches on core 1)
[pid: 8850|app: 0|req: 6/35] 117.91.230.48 () {44 vars in 882 bytes} [Tue Jan 22 16:05:53 2019] GET /admin/logout/ => generated 1200 bytes in 55 msecs (HTTP/1.1 200) 6 headers in 298 bytes (1 switches on core 0)
[pid: 8854|app: 0|req: 22/36] 117.91.230.48 () {44 vars in 831 bytes} [Tue Jan 22 16:05:54 2019] GET /admin/ => generated 0 bytes in 11 msecs (HTTP/1.1 302) 7 headers in 265 bytes (1 switches on core 0)
[pid: 8850|app: 0|req: 7/37] 117.91.230.48 () {44 vars in 868 bytes} [Tue Jan 22 16:05:54 2019] GET /admin/login/?next=/admin/ => generated 1819 bytes in 15 msecs (HTTP/1.1 200) 7 headers in 395 bytes (1 switches on core 1)
[pid: 8850|app: 0|req: 8/38] 117.91.230.48 () {42 vars in 781 bytes} [Tue Jan 22 16:05:54 2019] GET /static/admin/css/login.css => generated 1203 bytes in 1 msecs via sendfile() (HTTP/1.1 200) 4 headers in 140 bytes (0 switches on core 0)
[pid: 8850|app: 0|req: 9/39] 117.91.230.48 () {52 vars in 1069 bytes} [Tue Jan 22 16:05:55 2019] POST /admin/login/?next=/admin/ => generated 0 bytes in 190 msecs (HTTP/1.1 302) 9 headers in 559 bytes (1 switches on core 1)
[pid: 8854|app: 0|req: 23/40] 117.91.230.48 () {46 vars in 918 bytes} [Tue Jan 22 16:05:56 2019] GET /admin/ => generated 7021 bytes in 32 msecs (HTTP/1.1 200) 6 headers in 227 bytes (1 switches on core 1)
[pid: 8854|app: 0|req: 24/41] 117.91.230.48 () {44 vars in 856 bytes} [Tue Jan 22 16:05:57 2019] GET / => generated 6532 bytes in 25 msecs (HTTP/1.1 200) 5 headers in 292 bytes (1 switches on core 0)
[pid: 8850|app: 0|req: 10/42] 117.91.230.48 () {52 vars in 1051 bytes} [Tue Jan 22 16:05:59 2019] POST /search/ => generated 3499 bytes in 19 msecs (HTTP/1.1 200) 5 headers in 292 bytes (1 switches on core 0)
[pid: 8852|app: 0|req: 5/43] 117.91.230.48 () {44 vars in 857 bytes} [Tue Jan 22 16:06:01 2019] GET / => generated 6532 bytes in 28 msecs (HTTP/1.1 200) 5 headers in 292 bytes (1 switches on core 0)
[pid: 8849|app: 0|req: 5/44] 117.91.230.48 () {52 vars in 1051 bytes} [Tue Jan 22 16:06:03 2019] POST /search/ => generated 3082 bytes in 9 msecs (HTTP/1.1 200) 5 headers in 292 bytes (1 switches on core 0)
[pid: 8852|app: 0|req: 6/45] 117.91.230.48 () {44 vars in 857 bytes} [Tue Jan 22 16:06:04 2019] GET / => generated 6532 bytes in 26 msecs (HTTP/1.1 200) 5 headers in 292 bytes (1 switches on core 1)
[pid: 8849|app: 0|req: 6/46] 117.91.230.48 () {52 vars in 1051 bytes} [Tue Jan 22 16:06:06 2019] POST /search/ => generated 3481 bytes in 10 msecs (HTTP/1.1 200) 5 headers in 292 bytes (1 switches on core 1)
[pid: 8849|app: 0|req: 7/47] 117.91.230.48 () {52 vars in 1058 bytes} [Tue Jan 22 16:06:08 2019] POST /search/ => generated 3082 bytes in 9 msecs (HTTP/1.1 200) 5 headers in 292 bytes (1 switches on core 0)
[pid: 8854|app: 0|req: 25/48] 117.91.230.48 () {44 vars in 857 bytes} [Tue Jan 22 16:06:09 2019] GET / => generated 6532 bytes in 39 msecs (HTTP/1.1 200) 5 headers in 292 bytes (1 switches on core 1)
[pid: 8854|app: 0|req: 26/49] 117.91.230.48 () {44 vars in 862 bytes} [Tue Jan 22 16:06:11 2019] GET /admin/ => generated 7021 bytes in 21 msecs (HTTP/1.1 200) 6 headers in 227 bytes (1 switches on core 0)
[pid: 8854|app: 0|req: 27/50] 117.91.230.48 () {44 vars in 888 bytes} [Tue Jan 22 16:06:13 2019] GET /admin/auth/user/ => generated 7856 bytes in 44 msecs (HTTP/1.1 200) 7 headers in 395 bytes (1 switches on core 1)
[pid: 8850|app: 0|req: 11/51] 117.91.230.48 () {44 vars in 883 bytes} [Tue Jan 22 16:06:13 2019] GET /static/admin/css/changelists.css => generated 0 bytes in 1 msecs (HTTP/1.1 304) 2 headers in 77 bytes (0 switches on core 1)
[pid: 8854|app: 0|req: 28/52] 117.91.230.48 () {44 vars in 882 bytes} [Tue Jan 22 16:06:13 2019] GET /static/admin/js/vendor/jquery/jquery.js => generated 0 bytes in 2 msecs (HTTP/1.1 304) 2 headers in 77 bytes (0 switches on core 0)
[pid: 8852|app: 0|req: 7/53] 117.91.230.48 () {42 vars in 775 bytes} [Tue Jan 22 16:06:13 2019] GET /admin/jsi18n/ => generated 7684 bytes in 6 msecs (HTTP/1.1 200) 4 headers in 132 bytes (1 switches on core 0)
[pid: 8849|app: 0|req: 9/54] 117.91.230.48 () {44 vars in 850 bytes} [Tue Jan 22 16:06:13 2019] GET /static/admin/js/core.js => generated 0 bytes in 1 msecs (HTTP/1.1 304) 2 headers in 77 bytes (0 switches on core 0)
[pid: 8849|app: 0|req: 9/55] 117.91.230.48 () {42 vars in 809 bytes} [Tue Jan 22 16:06:13 2019] GET /static/admin/js/jquery.init.js => generated 363 bytes in 2 msecs via sendfile() (HTTP/1.1 200) 4 headers in 146 bytes (0 switches on core 1)
[pid: 8849|app: 0|req: 10/56] 117.91.230.48 () {44 vars in 894 bytes} [Tue Jan 22 16:06:13 2019] GET /static/admin/js/admin/RelatedObjectLookups.js => generated 0 bytes in 0 msecs (HTTP/1.1 304) 2 headers in 77 bytes (0 switches on core 0)
[pid: 8852|app: 0|req: 8/57] 117.91.230.48 () {44 vars in 856 bytes} [Tue Jan 22 16:06:13 2019] GET /static/admin/js/actions.js => generated 0 bytes in 1 msecs (HTTP/1.1 304) 2 headers in 77 bytes (0 switches on core 1)
[pid: 8854|app: 0|req: 29/59] 117.91.230.48 () {44 vars in 854 bytes} [Tue Jan 22 16:06:13 2019] GET /static/admin/js/urlify.js => generated 0 bytes in 0 msecs (HTTP/1.1 304) 2 headers in 77 bytes (0 switches on core 1)
[pid: 8849|app: 0|req: 11/59] 117.91.230.48 () {44 vars in 864 bytes} [Tue Jan 22 16:06:13 2019] GET /static/admin/js/prepopulate.js => generated 0 bytes in 0 msecs (HTTP/1.1 304) 2 headers in 77 bytes (0 switches on core 1)
[pid: 8852|app: 0|req: 9/60] 117.91.230.48 () {44 vars in 886 bytes} [Tue Jan 22 16:06:13 2019] GET /static/admin/js/vendor/xregexp/xregexp.js => generated 0 bytes in 0 msecs (HTTP/1.1 304) 2 headers in 77 bytes (0 switches on core 0)
[pid: 8850|app: 0|req: 12/61] 117.91.230.48 () {42 vars in 839 bytes} [Tue Jan 22 16:06:13 2019] GET /static/admin/img/search.svg => generated 458 bytes in 0 msecs via sendfile() (HTTP/1.1 200) 4 headers in 144 bytes (0 switches on core 0)
[pid: 8849|app: 0|req: 12/62] 117.91.230.48 () {42 vars in 843 bytes} [Tue Jan 22 16:06:13 2019] GET /static/admin/img/icon-yes.svg => generated 436 bytes in 0 msecs via sendfile() (HTTP/1.1 200) 4 headers in 144 bytes (0 switches on core 0)
[pid: 8854|app: 0|req: 30/63] 117.91.230.48 () {42 vars in 862 bytes} [Tue Jan 22 16:06:13 2019] GET /static/admin/img/sorting-icons.svg => generated 1097 bytes in 0 msecs via sendfile() (HTTP/1.1 200) 4 headers in 145 bytes (0 switches on core 0)
[pid: 8850|app: 0|req: 13/64] 117.91.230.48 () {42 vars in 858 bytes} [Tue Jan 22 16:06:13 2019] GET /static/admin/img/tooltag-add.svg => generated 331 bytes in 0 msecs via sendfile() (HTTP/1.1 200) 4 headers in 144 bytes (0 switches on core 1)
[pid: 8852|app: 0|req: 10/65] 49.94.162.198 () {46 vars in 898 bytes} [Tue Jan 22 17:01:48 2019] GET /admin/ => generated 7021 bytes in 32 msecs (HTTP/1.1 200) 6 headers in 227 bytes (1 switches on core 1)
[pid: 8854|app: 0|req: 31/66] 49.94.162.198 () {42 vars in 679 bytes} [Tue Jan 22 17:02:00 2019] GET / => generated 6533 bytes in 24 msecs (HTTP/1.1 200) 5 headers in 292 bytes (1 switches on core 1)
[pid: 8849|app: 0|req: 13/67] 49.94.162.198 () {46 vars in 836 bytes} [Tue Jan 22 17:02:05 2019] GET /login/?from=/ => generated 3958 bytes in 8 msecs (HTTP/1.1 200) 5 headers in 292 bytes (1 switches on core 1)
Not Found: /favicon.ico
[pid: 8849|app: 0|req: 14/68] 49.94.162.198 () {44 vars in 751 bytes} [Tue Jan 22 17:02:05 2019] GET /favicon.ico => generated 2603 bytes in 3 msecs (HTTP/1.1 404) 3 headers in 102 bytes (1 switches on core 0)
Not Found: /cache/global/img/gs.gif
[pid: 8849|app: 0|req: 15/69] 80.82.78.50 () {32 vars in 421 bytes} [Tue Jan 22 17:46:03 2019] GET /cache/global/img/gs.gif => generated 2633 bytes in 3 msecs (HTTP/1.1 404) 3 headers in 102 bytes (1 switches on core 1)
[pid: 8852|app: 0|req: 11/70] 59.36.132.222 () {34 vars in 469 bytes} [Tue Jan 22 19:48:09 2019] GET / => generated 6533 bytes in 24 msecs (HTTP/1.1 200) 5 headers in 292 bytes (1 switches on core 0)
[pid: 8852|app: 0|req: 12/71] 60.191.52.254 () {36 vars in 573 bytes} [Tue Jan 22 21:04:42 2019] HEAD / => generated 6533 bytes in 24 msecs (HTTP/1.1 200) 5 headers in 292 bytes (1 switches on core 1)
